TN:
SF:lib/src/common/app_widgets/app_logo.dart
FNF:0
FNH:0
DA:5,1
DA:9,1
DA:11,1
DA:12,1
DA:13,1
DA:14,1
DA:16,3
DA:17,2
DA:20,1
LF:9
LH:9
end_of_record
TN:
SF:lib/src/common/app_widgets/app_scaffold.dart
FNF:0
FNH:0
DA:9,1
DA:39,1
DA:41,1
DA:42,0
DA:43,0
DA:45,0
DA:46,1
DA:47,1
DA:48,1
DA:49,1
DA:50,1
DA:51,1
DA:52,1
DA:53,1
DA:54,1
DA:56,0
DA:57,0
DA:58,0
DA:59,0
DA:61,0
DA:62,0
DA:63,0
DA:64,0
DA:65,0
DA:73,1
DA:75,1
DA:76,1
DA:77,1
DA:78,1
DA:79,3
LF:30
LH:18
end_of_record
TN:
SF:lib/src/common/app_widgets/app_spaces.dart
FNF:0
FNH:0
DA:25,0
DA:46,0
LF:2
LH:0
end_of_record
TN:
SF:lib/src/common/app_widgets/app_svg.dart
FNF:0
FNH:0
DA:7,1
DA:24,1
DA:26,4
DA:29,1
DA:30,1
DA:31,1
DA:32,1
DA:33,1
DA:34,1
DA:35,1
DA:36,0
DA:39,0
DA:63,0
DA:65,0
DA:66,0
DA:67,0
DA:68,0
DA:69,0
DA:70,0
LF:19
LH:10
end_of_record
TN:
SF:lib/src/common/app_widgets/app_text.dart
FNF:0
FNH:0
DA:4,1
DA:21,1
DA:30,1
DA:31,1
DA:32,1
DA:33,1
DA:34,1
DA:35,1
LF:8
LH:8
end_of_record
TN:
SF:lib/src/common/models/app_exceptions.dart
FNF:0
FNH:0
DA:2,15
DA:8,0
DA:9,0
DA:20,0
DA:22,0
LF:5
LH:1
end_of_record
TN:
SF:lib/src/common/models/either.dart
FNF:0
FNH:0
DA:2,34
DA:3,2
DA:4,2
DA:6,1
DA:7,3
DA:8,3
DA:10,2
DA:11,2
DA:12,2
DA:14,4
DA:16,1
DA:17,3
DA:18,4
DA:21,0
DA:22,0
DA:23,0
DA:26,4
DA:27,8
DA:28,0
DA:31,4
DA:32,8
DA:33,0
DA:38,15
DA:40,10
DA:44,22
DA:46,10
LF:26
LH:21
end_of_record
TN:
SF:lib/src/features/auth/data/models/auth_user/auth_user_dto.dart
FNF:0
FNH:0
DA:17,1
DA:18,1
DA:20,2
DA:21,2
DA:22,2
DA:23,2
DA:24,2
DA:25,2
DA:31,2
DA:32,10
LF:10
LH:10
end_of_record
TN:
SF:lib/src/features/auth/data/repositories/auth_repository_impl.dart
FNF:0
FNH:0
DA:11,1
DA:13,1
DA:15,2
DA:17,3
DA:20,1
DA:22,2
DA:24,3
DA:27,1
DA:29,2
DA:31,1
DA:34,1
DA:36,4
DA:37,1
DA:41,1
DA:43,2
DA:46,1
DA:48,2
LF:17
LH:17
end_of_record
TN:
SF:lib/src/features/auth/data/sources/firebase_auth_data_source.dart
FNF:0
FNH:0
DA:20,1
DA:26,0
DA:27,0
DA:28,0
DA:29,0
DA:30,0
DA:32,1
DA:34,2
DA:36,1
DA:42,1
DA:43,1
DA:44,1
DA:45,1
DA:48,1
DA:50,1
DA:51,1
DA:52,2
DA:53,1
DA:54,1
DA:55,2
DA:56,1
DA:58,2
DA:59,1
DA:60,2
DA:67,1
DA:69,2
DA:71,2
DA:72,1
DA:75,1
DA:76,1
DA:77,1
DA:80,1
DA:82,1
DA:83,1
DA:84,2
DA:85,1
DA:86,0
DA:87,0
DA:88,0
DA:90,0
DA:91,0
DA:92,0
DA:99,1
DA:100,1
DA:101,1
DA:102,2
DA:103,2
DA:104,2
DA:105,2
DA:109,1
DA:110,2
DA:111,1
DA:114,1
DA:115,4
DA:116,1
DA:120,1
DA:124,2
DA:126,1
DA:132,4
DA:133,2
DA:134,1
DA:135,1
DA:136,1
DA:137,1
DA:139,1
DA:144,1
DA:145,2
DA:152,1
DA:154,2
DA:157,4
DA:158,2
DA:160,1
DA:163,0
DA:164,0
DA:170,1
DA:172,2
DA:175,4
DA:176,2
DA:178,0
DA:179,0
DA:187,1
DA:191,2
DA:192,1
DA:195,0
DA:201,1
DA:202,2
DA:205,1
DA:210,1
DA:211,1
DA:219,1
DA:222,1
DA:252,2
DA:253,0
DA:254,1
DA:257,1
DA:260,1
DA:276,2
DA:277,0
DA:278,1
DA:281,0
DA:284,0
DA:296,0
DA:297,0
DA:298,0
DA:301,1
DA:304,1
DA:310,2
DA:320,2
DA:325,1
DA:328,1
DA:330,2
DA:333,0
LF:112
LH:88
end_of_record
TN:
SF:lib/src/features/auth/domain/use_cases/get_auth_user_stream_use_case.dart
FNF:0
FNH:0
DA:6,1
DA:8,3
LF:2
LH:2
end_of_record
TN:
SF:lib/src/features/auth/domain/use_cases/get_auth_user_use_case.dart
FNF:0
FNH:0
DA:6,1
DA:8,3
LF:2
LH:2
end_of_record
TN:
SF:lib/src/features/auth/domain/use_cases/set_online_offline_status_use_case.dart
FNF:0
FNH:0
DA:5,1
DA:7,3
LF:2
LH:2
end_of_record
TN:
SF:lib/src/features/auth/domain/use_cases/sign_in_with_facebook_use_case.dart
FNF:0
FNH:0
DA:8,1
DA:10,3
LF:2
LH:2
end_of_record
TN:
SF:lib/src/features/auth/domain/use_cases/sign_in_with_google_use_case.dart
FNF:0
FNH:0
DA:8,1
DA:10,3
LF:2
LH:2
end_of_record
TN:
SF:lib/src/features/auth/domain/use_cases/sign_out_use_case.dart
FNF:0
FNH:0
DA:5,1
DA:7,3
LF:2
LH:2
end_of_record
TN:
SF:lib/src/features/auth/presentation/providers/app_lifecycle_provider.dart
FNF:0
FNH:0
DA:10,1
DA:12,2
DA:13,3
DA:14,2
DA:19,1
DA:21,1
LF:6
LH:6
end_of_record
TN:
SF:lib/src/features/auth/presentation/providers/auth_user_provider.dart
FNF:0
FNH:0
DA:10,1
DA:12,3
DA:14,1
LF:3
LH:3
end_of_record
TN:
SF:lib/src/features/auth/presentation/providers/set_online_offline_status_state_provider.dart
FNF:0
FNH:0
DA:12,1
DA:14,3
DA:16,3
DA:17,1
DA:19,3
DA:20,0
DA:21,0
DA:22,0
DA:23,0
DA:24,0
DA:31,1
DA:32,1
DA:34,3
DA:35,1
DA:37,1
LF:15
LH:10
end_of_record
TN:
SF:lib/src/features/auth/presentation/providers/sign_in_state_provider.dart
FNF:0
FNH:0
DA:10,1
DA:15,1
DA:16,1
DA:18,3
DA:19,1
DA:21,1
DA:22,1
DA:23,4
DA:25,1
DA:26,1
DA:31,1
DA:32,1
DA:34,3
DA:35,1
DA:37,1
DA:38,1
DA:39,4
DA:41,1
DA:42,1
LF:19
LH:19
end_of_record
TN:
SF:lib/src/features/auth/presentation/providers/sign_out_state_provider.dart
FNF:0
FNH:0
DA:9,1
DA:14,1
DA:15,1
DA:17,3
DA:19,1
DA:21,1
LF:6
LH:6
end_of_record
TN:
SF:lib/src/features/auth/presentation/views/sign_in_screen.dart
FNF:0
FNH:0
DA:15,1
DA:17,1
DA:19,2
DA:20,1
DA:22,1
DA:24,0
DA:27,0
DA:29,0
DA:31,0
DA:34,0
DA:37,0
DA:39,0
DA:41,0
DA:44,3
DA:45,1
DA:47,0
DA:48,0
DA:53,1
DA:54,1
DA:55,1
DA:56,1
DA:58,1
DA:59,2
DA:60,3
DA:63,3
DA:65,1
DA:66,2
DA:71,1
DA:72,2
DA:77,1
DA:79,1
DA:80,1
DA:81,1
DA:82,2
DA:83,2
DA:86,1
DA:87,2
DA:88,3
DA:91,1
DA:92,1
DA:96,1
DA:97,3
DA:98,2
DA:100,1
DA:101,2
DA:102,3
DA:105,1
DA:106,1
LF:48
LH:38
end_of_record
TN:
SF:lib/src/features/auth/presentation/views/widgets/social_sign_in_widget.dart
FNF:0
FNH:0
DA:8,1
DA:21,1
DA:23,1
DA:24,1
DA:25,1
DA:26,1
DA:27,2
DA:28,3
DA:29,3
DA:32,1
DA:34,1
DA:35,3
DA:37,4
LF:13
LH:13
end_of_record
TN:
SF:lib/src/features/theme/app_theme.dart
FNF:0
FNH:0
DA:14,1
DA:15,1
DA:16,2
DA:17,1
DA:19,1
DA:21,1
DA:22,1
DA:24,2
DA:25,1
DA:27,2
DA:29,1
DA:30,1
DA:31,1
DA:32,2
DA:36,2
DA:38,1
DA:40,2
DA:41,2
DA:43,1
DA:44,1
DA:47,2
DA:48,1
DA:49,1
DA:51,2
DA:53,2
DA:55,2
DA:56,1
DA:57,1
DA:58,1
DA:59,2
DA:62,1
DA:64,1
DA:65,1
DA:68,1
DA:70,1
DA:73,1
DA:75,1
DA:78,1
DA:80,2
DA:81,2
DA:83,1
DA:85,2
DA:86,1
DA:90,2
DA:93,1
DA:94,2
DA:95,2
DA:96,1
DA:99,1
DA:105,2
DA:106,1
DA:107,1
DA:108,1
DA:109,2
DA:113,1
DA:120,1
DA:121,1
DA:124,1
DA:129,1
DA:130,2
DA:134,1
DA:135,1
DA:136,1
DA:137,2
DA:152,1
DA:154,2
DA:155,1
DA:156,2
DA:157,1
DA:158,2
DA:162,1
DA:163,2
DA:164,1
DA:165,2
DA:169,1
DA:170,2
DA:171,3
DA:174,1
DA:177,1
DA:182,1
DA:189,1
DA:190,1
DA:193,2
DA:195,1
DA:198,2
DA:201,2
DA:202,2
DA:203,1
DA:204,2
DA:207,1
DA:208,1
DA:211,2
DA:218,1
DA:219,1
DA:220,1
DA:224,1
DA:225,2
LF:97
LH:97
end_of_record
TN:
SF:lib/src/features/theme/app_theme_type.dart
FNF:0
FNH:0
DA:16,0
DA:18,0
DA:20,0
DA:22,0
DA:29,0
DA:31,0
DA:33,0
DA:35,0
DA:40,0
DA:42,0
DA:43,0
DA:47,0
DA:49,0
DA:57,0
LF:14
LH:0
end_of_record
TN:
SF:lib/src/features/theme/utils/app_colors.dart
FNF:0
FNH:0
DA:5,16
DA:14,1
DA:16,1
DA:31,0
DA:56,0
DA:65,0
DA:66,0
DA:67,0
DA:68,0
DA:69,0
DA:70,0
DA:71,0
DA:75,0
DA:77,0
DA:80,0
DA:81,0
DA:82,0
DA:83,0
DA:84,0
DA:85,0
DA:87,0
DA:88,0
DA:89,0
DA:90,0
DA:91,0
DA:95,0
DA:96,0
DA:97,0
DA:98,0
DA:99,0
DA:103,0
DA:104,0
LF:32
LH:3
end_of_record
TN:
SF:lib/src/features/theme/utils/app_ui_utils.dart
FNF:0
FNH:0
DA:5,1
DA:15,1
DA:16,1
DA:20,2
DA:21,2
DA:35,0
DA:45,0
DA:46,0
DA:47,0
DA:49,0
DA:50,0
DA:51,0
DA:52,0
DA:53,0
DA:57,0
DA:59,0
DA:63,0
DA:64,0
DA:65,0
DA:66,0
DA:67,0
DA:68,0
DA:69,0
DA:70,0
LF:24
LH:5
end_of_record
TN:
SF:lib/src/l10n/app_localizations.dart
FNF:0
FNH:0
DA:65,1
DA:66,2
DA:70,1
DA:71,1
DA:872,16
DA:874,1
DA:876,2
DA:879,1
DA:881,3
DA:883,0
DA:887,1
DA:889,1
DA:890,1
DA:891,1
DA:892,0
DA:893,0
DA:896,0
LF:17
LH:13
end_of_record
TN:
SF:lib/src/l10n/app_localizations_en.dart
FNF:0
FNH:0
DA:9,2
DA:11,0
DA:13,0
DA:16,0
DA:18,0
DA:21,0
DA:24,0
DA:27,0
DA:30,0
DA:33,0
DA:36,0
DA:39,0
DA:42,0
DA:45,0
DA:48,1
DA:51,1
DA:54,1
DA:57,1
DA:60,0
DA:63,0
DA:66,1
DA:69,1
DA:72,1
DA:75,1
DA:78,0
DA:81,0
DA:84,0
DA:87,0
DA:90,0
DA:93,0
DA:96,0
DA:99,0
DA:102,0
DA:106,0
DA:109,0
DA:112,0
DA:115,0
DA:118,0
DA:121,0
DA:124,0
DA:127,0
DA:130,0
DA:133,0
DA:136,0
DA:139,0
DA:142,0
DA:145,0
DA:148,0
DA:151,0
DA:154,0
DA:157,0
DA:160,0
DA:163,0
DA:166,0
DA:169,0
DA:172,0
DA:175,0
DA:178,0
DA:181,0
DA:184,0
DA:187,0
DA:190,0
DA:193,0
DA:196,0
DA:199,0
DA:202,0
DA:205,0
DA:208,0
DA:211,0
DA:214,0
DA:217,0
DA:220,0
DA:223,0
DA:226,0
DA:229,0
DA:232,0
DA:235,0
DA:238,0
DA:241,0
DA:244,0
DA:247,0
DA:250,0
DA:253,0
DA:256,0
DA:259,0
DA:262,0
DA:265,0
DA:268,0
DA:271,0
DA:274,0
DA:277,0
DA:280,0
DA:282,0
DA:285,0
DA:288,0
DA:290,0
DA:293,0
DA:296,0
DA:299,0
DA:302,0
DA:305,0
DA:308,0
DA:311,0
DA:314,0
DA:317,0
DA:320,0
DA:323,0
DA:326,0
DA:329,0
DA:332,0
DA:335,0
DA:338,0
DA:341,0
DA:344,0
DA:347,0
DA:350,0
DA:353,0
DA:356,0
DA:359,0
DA:362,0
DA:364,0
DA:367,0
DA:370,0
DA:373,0
DA:376,0
DA:379,0
DA:382,0
DA:385,0
DA:388,0
DA:391,0
DA:393,0
DA:396,0
DA:399,0
DA:402,0
DA:405,0
LF:135
LH:9
end_of_record
TN:
SF:lib/src/l10n/app_localizations_hi.dart
FNF:0
FNH:0
DA:9,0
DA:11,0
DA:13,0
DA:16,0
DA:18,0
DA:21,0
DA:24,0
DA:27,0
DA:30,0
DA:33,0
DA:36,0
DA:39,0
DA:42,0
DA:45,0
DA:48,0
DA:51,0
DA:54,0
DA:57,0
DA:60,0
DA:63,0
DA:66,0
DA:69,0
DA:72,0
DA:75,0
DA:78,0
DA:81,0
DA:84,0
DA:87,0
DA:90,0
DA:93,0
DA:96,0
DA:99,0
DA:102,0
DA:106,0
DA:109,0
DA:112,0
DA:115,0
DA:118,0
DA:121,0
DA:124,0
DA:127,0
DA:130,0
DA:133,0
DA:136,0
DA:139,0
DA:142,0
DA:145,0
DA:148,0
DA:151,0
DA:154,0
DA:157,0
DA:160,0
DA:163,0
DA:166,0
DA:169,0
DA:172,0
DA:175,0
DA:178,0
DA:181,0
DA:184,0
DA:187,0
DA:190,0
DA:193,0
DA:196,0
DA:199,0
DA:202,0
DA:205,0
DA:208,0
DA:211,0
DA:214,0
DA:217,0
DA:220,0
DA:223,0
DA:226,0
DA:229,0
DA:232,0
DA:235,0
DA:238,0
DA:241,0
DA:244,0
DA:247,0
DA:250,0
DA:253,0
DA:256,0
DA:259,0
DA:262,0
DA:265,0
DA:268,0
DA:271,0
DA:274,0
DA:277,0
DA:280,0
DA:282,0
DA:285,0
DA:288,0
DA:290,0
DA:293,0
DA:296,0
DA:299,0
DA:302,0
DA:305,0
DA:308,0
DA:311,0
DA:314,0
DA:317,0
DA:320,0
DA:323,0
DA:326,0
DA:329,0
DA:332,0
DA:335,0
DA:338,0
DA:341,0
DA:344,0
DA:347,0
DA:350,0
DA:353,0
DA:356,0
DA:359,0
DA:362,0
DA:364,0
DA:367,0
DA:370,0
DA:373,0
DA:376,0
DA:379,0
DA:382,0
DA:385,0
DA:388,0
DA:391,0
DA:393,0
DA:396,0
DA:399,0
DA:402,0
DA:405,0
LF:135
LH:0
end_of_record
TN:
SF:lib/src/utils/assets/app_assets.dart
FNF:0
FNH:0
DA:6,0
LF:1
LH:0
end_of_record
TN:
SF:lib/src/utils/extensions/context_extensions.dart
FNF:0
FNH:0
DA:6,3
DA:8,3
DA:10,3
DA:12,0
DA:14,0
DA:16,0
DA:18,2
DA:20,0
DA:22,0
DA:24,0
DA:26,0
DA:27,0
DA:29,0
DA:30,0
DA:31,0
DA:32,0
DA:37,0
DA:39,0
DA:40,0
DA:43,0
DA:45,0
LF:21
LH:4
end_of_record
